[debug] [2019-05-23T14:58:19.265Z] ----------------------------------------------------------------------
[debug] [2019-05-23T14:58:19.267Z] Command:       C:\Program Files\nodejs\node.exe C:\Users\Usuario\AppData\Roaming\npm\node_modules\firebase-tools\lib\bin\firebase.js deploy
[debug] [2019-05-23T14:58:19.267Z] CLI Version:   6.10.0
[debug] [2019-05-23T14:58:19.267Z] Platform:      win32
[debug] [2019-05-23T14:58:19.267Z] Node Version:  v8.14.0
[debug] [2019-05-23T14:58:19.268Z] Time:          Thu May 23 2019 10:58:19 GMT-0400 (Hora est. Sudamérica Pacífico)
[debug] [2019-05-23T14:58:19.268Z] ----------------------------------------------------------------------
[debug] 
[debug] [2019-05-23T14:58:19.275Z] > command requires scopes: ["email","openid","https://www.googleapis.com/auth/cloudplatformprojects.readonly","https://www.googleapis.com/auth/firebase","https://www.googleapis.com/auth/cloud-platform"]
[debug] [2019-05-23T14:58:19.275Z] > authorizing via signed-in user
[debug] [2019-05-23T14:58:19.275Z] [iam] checking project vuefirebase2410 for permissions ["firebase.projects.get","firebasehosting.sites.update"]
[debug] [2019-05-23T14:58:19.277Z] >>> HTTP REQUEST POST https://cloudresourcemanager.googleapis.com/v1/projects/vuefirebase2410:testIamPermissions  

[debug] [2019-05-23T14:58:22.009Z] <<< HTTP RESPONSE 200
[debug] [2019-05-23T14:58:22.013Z] >>> HTTP REQUEST GET https://firebase.googleapis.com/v1beta1/projects/vuefirebase2410  
 
[debug] [2019-05-23T14:58:24.078Z] <<< HTTP RESPONSE 200
[info] 
[info] === Deploying to 'vuefirebase2410'...
[info] 
[info] i  deploying hosting
[debug] [2019-05-23T14:58:24.095Z] >>> HTTP REQUEST POST https://firebasehosting.googleapis.com/v1beta1/sites/vuefirebase2410/versions  

[debug] [2019-05-23T14:58:28.911Z] <<< HTTP RESPONSE 200
[info] i  hosting[vuefirebase2410]: beginning deploy...
[info] i  hosting[vuefirebase2410]: found 30 files in dist
[debug] [2019-05-23T14:58:28.948Z] [hosting] hash cache [ZGlzdA] not populated
[debug] [2019-05-23T14:58:29.809Z] [hosting] hash cache [ZGlzdA] stored for 30 files
[debug] [2019-05-23T14:58:29.809Z] [hosting][hash queue][FINAL]
[debug] [2019-05-23T14:58:29.809Z] >>> HTTP REQUEST POST https://firebasehosting.googleapis.com/v1beta1/sites/vuefirebase2410/versions/2730d7c8e68fe33a:populateFiles  
 <request body omitted>
